<?xml version="1.0" encoding="UTF-8"?>
<testng-results ignored="0" total="1" passed="1" failed="0" skipped="0">
  <reporter-output>
    <line>
      <![CDATA[hello]]>
    </line>
  </reporter-output>
  <suite started-at="2023-09-07T15:15:26 IST" name="Default suite" finished-at="2023-09-07T15:15:27 IST" duration-ms="1559">
    <groups>
    </groups>
    <test started-at="2023-09-07T15:15:26 IST" name="Default test" finished-at="2023-09-07T15:15:27 IST" duration-ms="1559">
      <class name="sample.Demo">
        <test-method signature="m1()[pri:0, instance:sample.Demo@49139829]" started-at="2023-09-07T15:15:27 IST" name="m1" finished-at="2023-09-07T15:15:27 IST" duration-ms="20" status="PASS">
          <reporter-output>
            <line>
              <![CDATA[hello]]>
            </line>
          </reporter-output>
        </test-method> <!-- m1 -->
      </class> <!-- sample.Demo -->
    </test> <!-- Default test -->
  </suite> <!-- Default suite -->
</testng-results>
